<?xml version="1.0" encoding="UTF-8"?>
<testng-results ignored="0" total="12" passed="12" failed="0" skipped="0">
  <reporter-output>
  </reporter-output>
  <suite started-at="2025-03-16T23:42:04 IST" name="Suite" finished-at="2025-03-16T23:42:04 IST" duration-ms="310">
    <groups>
      <group name="smoke">
        <method signature="testThree.carLoanApiLogin()[pri:0, instance:Test.testThree@c730b35]" name="carLoanApiLogin" class="Test.testThree"/>
        <method signature="testTwo.groupTest()[pri:0, instance:Test.testTwo@2a65fe7c]" name="groupTest" class="Test.testTwo"/>
        <method signature="testOne.test()[pri:0, instance:Test.testOne@55b699ef]" name="test" class="Test.testOne"/>
      </group> <!-- smoke -->
    </groups>
    <test started-at="2025-03-16T23:42:04 IST" name="Car Loan" finished-at="2025-03-16T23:42:04 IST" duration-ms="143">
      <class name="Test.testThree">
        <test-method is-config="true" signature="prerequisite()[pri:0, instance:Test.testThree@c730b35]" started-at="2025-03-16T23:42:04 IST" name="prerequisite" finished-at="2025-03-16T23:42:04 IST" duration-ms="0" status="PASS">
          <reporter-output>
          </reporter-output>
        </test-method> <!-- prerequisite -->
        <test-method is-config="true" signature="beforeClass()[pri:0, instance:Test.testThree@c730b35]" started-at="2025-03-16T23:42:04 IST" name="beforeClass" finished-at="2025-03-16T23:42:04 IST" duration-ms="1" status="PASS">
          <reporter-output>
          </reporter-output>
        </test-method> <!-- beforeClass -->
        <test-method is-config="true" signature="beforeMethod()[pri:0, instance:Test.testThree@c730b35]" started-at="2025-03-16T23:42:04 IST" name="beforeMethod" finished-at="2025-03-16T23:42:04 IST" duration-ms="3" status="PASS">
          <reporter-output>
          </reporter-output>
        </test-method> <!-- beforeMethod -->
        <test-method signature="carLoanApiLogin()[pri:0, instance:Test.testThree@c730b35]" started-at="2025-03-16T23:42:04 IST" name="carLoanApiLogin" finished-at="2025-03-16T23:42:04 IST" duration-ms="2" status="PASS">
          <reporter-output>
          </reporter-output>
        </test-method> <!-- carLoanApiLogin -->
        <test-method is-config="true" signature="afterMethod()[pri:0, instance:Test.testThree@c730b35]" started-at="2025-03-16T23:42:04 IST" name="afterMethod" finished-at="2025-03-16T23:42:04 IST" duration-ms="1" status="PASS">
          <reporter-output>
          </reporter-output>
        </test-method> <!-- afterMethod -->
        <test-method is-config="true" signature="beforeMethod()[pri:0, instance:Test.testThree@c730b35]" started-at="2025-03-16T23:42:04 IST" name="beforeMethod" finished-at="2025-03-16T23:42:04 IST" duration-ms="1" status="PASS">
          <reporter-output>
          </reporter-output>
        </test-method> <!-- beforeMethod -->
        <test-method signature="carLoanMobileLogin()[pri:0, instance:Test.testThree@c730b35]" started-at="2025-03-16T23:42:04 IST" name="carLoanMobileLogin" finished-at="2025-03-16T23:42:04 IST" duration-ms="3" status="PASS">
          <reporter-output>
          </reporter-output>
        </test-method> <!-- carLoanMobileLogin -->
        <test-method is-config="true" signature="afterMethod()[pri:0, instance:Test.testThree@c730b35]" started-at="2025-03-16T23:42:04 IST" name="afterMethod" finished-at="2025-03-16T23:42:04 IST" duration-ms="1" status="PASS">
          <reporter-output>
          </reporter-output>
        </test-method> <!-- afterMethod -->
        <test-method is-config="true" signature="beforeMethod()[pri:0, instance:Test.testThree@c730b35]" started-at="2025-03-16T23:42:04 IST" name="beforeMethod" finished-at="2025-03-16T23:42:04 IST" duration-ms="2" status="PASS">
          <reporter-output>
          </reporter-output>
        </test-method> <!-- beforeMethod -->
        <test-method signature="carLoanWebLogin()[pri:0, instance:Test.testThree@c730b35]" started-at="2025-03-16T23:42:04 IST" name="carLoanWebLogin" finished-at="2025-03-16T23:42:04 IST" duration-ms="2" status="PASS">
          <reporter-output>
          </reporter-output>
        </test-method> <!-- carLoanWebLogin -->
        <test-method is-config="true" signature="afterMethod()[pri:0, instance:Test.testThree@c730b35]" started-at="2025-03-16T23:42:04 IST" name="afterMethod" finished-at="2025-03-16T23:42:04 IST" duration-ms="0" status="PASS">
          <reporter-output>
          </reporter-output>
        </test-method> <!-- afterMethod -->
        <test-method is-config="true" signature="afterClass()[pri:0, instance:Test.testThree@c730b35]" started-at="2025-03-16T23:42:04 IST" name="afterClass" finished-at="2025-03-16T23:42:04 IST" duration-ms="1" status="PASS">
          <reporter-output>
          </reporter-output>
        </test-method> <!-- afterClass -->
        <test-method is-config="true" signature="endExecution()[pri:0, instance:Test.testThree@c730b35]" started-at="2025-03-16T23:42:04 IST" name="endExecution" finished-at="2025-03-16T23:42:04 IST" duration-ms="0" status="PASS">
          <reporter-output>
          </reporter-output>
        </test-method> <!-- endExecution -->
      </class> <!-- Test.testThree -->
      <class name="Test.testOne">
        <test-method signature="test()[pri:0, instance:Test.testOne@55b699ef]" started-at="2025-03-16T23:42:04 IST" name="test" finished-at="2025-03-16T23:42:04 IST" duration-ms="9" status="PASS">
          <reporter-output>
          </reporter-output>
        </test-method> <!-- test -->
      </class> <!-- Test.testOne -->
      <class name="Test.testTwo">
        <test-method signature="carLoan(java.lang.String,java.lang.String)[pri:0, instance:Test.testTwo@2a65fe7c]" started-at="2025-03-16T23:42:04 IST" name="carLoan" data-provider="getData" finished-at="2025-03-16T23:42:04 IST" duration-ms="5" status="PASS">
          <params>
            <param index="0">
              <value>
                <![CDATA[un1]]>
              </value>
            </param>
            <param index="1">
              <value>
                <![CDATA[pwd1]]>
              </value>
            </param>
          </params>
          <reporter-output>
          </reporter-output>
        </test-method> <!-- carLoan -->
        <test-method signature="carLoan(java.lang.String,java.lang.String)[pri:0, instance:Test.testTwo@2a65fe7c]" started-at="2025-03-16T23:42:04 IST" name="carLoan" data-provider="getData" finished-at="2025-03-16T23:42:04 IST" duration-ms="2" status="PASS">
          <params>
            <param index="0">
              <value>
                <![CDATA[un2]]>
              </value>
            </param>
            <param index="1">
              <value>
                <![CDATA[pwd2]]>
              </value>
            </param>
          </params>
          <reporter-output>
          </reporter-output>
        </test-method> <!-- carLoan -->
        <test-method signature="carLoan(java.lang.String,java.lang.String)[pri:0, instance:Test.testTwo@2a65fe7c]" started-at="2025-03-16T23:42:04 IST" name="carLoan" data-provider="getData" finished-at="2025-03-16T23:42:04 IST" duration-ms="1" status="PASS">
          <params>
            <param index="0">
              <value>
                <![CDATA[un3]]>
              </value>
            </param>
            <param index="1">
              <value>
                <![CDATA[pwd3]]>
              </value>
            </param>
          </params>
          <reporter-output>
          </reporter-output>
        </test-method> <!-- carLoan -->
        <test-method signature="groupTest()[pri:0, instance:Test.testTwo@2a65fe7c]" started-at="2025-03-16T23:42:04 IST" name="groupTest" finished-at="2025-03-16T23:42:04 IST" duration-ms="5" status="PASS">
          <reporter-output>
          </reporter-output>
        </test-method> <!-- groupTest -->
        <test-method signature="adependentTest()[pri:0, instance:Test.testTwo@2a65fe7c]" started-at="2025-03-16T23:42:04 IST" name="adependentTest" finished-at="2025-03-16T23:42:04 IST" depends-on-methods="Test.testTwo.carLoan" duration-ms="2" status="PASS">
          <reporter-output>
          </reporter-output>
        </test-method> <!-- adependentTest -->
      </class> <!-- Test.testTwo -->
    </test> <!-- Car Loan -->
    <test started-at="2025-03-16T23:42:04 IST" name="Home Loan" finished-at="2025-03-16T23:42:04 IST" duration-ms="15">
      <class name="Test.testThree">
        <test-method is-config="true" signature="loadEnvironment()[pri:0, instance:Test.testThree@c730b35]" started-at="2025-03-16T23:42:04 IST" name="loadEnvironment" finished-at="2025-03-16T23:42:04 IST" duration-ms="15" status="PASS">
          <reporter-output>
          </reporter-output>
        </test-method> <!-- loadEnvironment -->
        <test-method is-config="true" signature="endEnvironmennt()[pri:0, instance:Test.testThree@c730b35]" started-at="2025-03-16T23:42:04 IST" name="endEnvironmennt" finished-at="2025-03-16T23:42:04 IST" duration-ms="1" status="PASS">
          <reporter-output>
          </reporter-output>
        </test-method> <!-- endEnvironmennt -->
      </class> <!-- Test.testThree -->
      <class name="Test.testFour">
        <test-method signature="homeLoanApiLogin()[pri:0, instance:Test.testFour@b3ca52e]" started-at="2025-03-16T23:42:04 IST" name="homeLoanApiLogin" finished-at="2025-03-16T23:42:04 IST" duration-ms="2" status="PASS">
          <reporter-output>
          </reporter-output>
        </test-method> <!-- homeLoanApiLogin -->
        <test-method signature="homeLoanMobileLogin()[pri:0, instance:Test.testFour@b3ca52e]" started-at="2025-03-16T23:42:04 IST" name="homeLoanMobileLogin" finished-at="2025-03-16T23:42:04 IST" duration-ms="2" status="PASS">
          <reporter-output>
          </reporter-output>
        </test-method> <!-- homeLoanMobileLogin -->
        <test-method signature="homeLoanwebLogn()[pri:0, instance:Test.testFour@b3ca52e]" started-at="2025-03-16T23:42:04 IST" name="homeLoanwebLogn" finished-at="2025-03-16T23:42:04 IST" duration-ms="1" status="PASS">
          <reporter-output>
          </reporter-output>
        </test-method> <!-- homeLoanwebLogn -->
      </class> <!-- Test.testFour -->
    </test> <!-- Home Loan -->
  </suite> <!-- Suite -->
</testng-results>
