<?xml version="1.0" encoding="UTF-8"?>
<!-- Generated by org.testng.reporters.JUnitXMLReporter -->
<testsuite ignored="0" hostname="Shubham" failures="0" tests="3" name="Default test" time="0.099" errors="0" timestamp="2025-03-15T15:31:34 IST">
  <testcase classname="Test.testThree" name="carLoanApiLogin" time="0.014"/>
  <testcase classname="Test.testThree" name="carLoanMobileLogin" time="0.003"/>
  <testcase classname="Test.testThree" name="carLoanWebLogin" time="0.002"/>
</testsuite> <!-- Default test -->
