<?xml version="1.0" encoding="UTF-8"?>
<!-- Generated by org.testng.reporters.JUnitXMLReporter -->
<testsuite ignored="0" hostname="Shubham" failures="0" tests="7" name="Car Loan" time="0.153" errors="0" timestamp="2025-03-15T19:09:24 IST">
  <testcase classname="Test.testOne" name="test" time="0.013"/>
  <testcase classname="Test.testTwo" name="adependentTest" time="0.002"/>
  <testcase classname="Test.testTwo" name="carLoan" time="0.003"/>
  <testcase classname="Test.testTwo" name="groupTest" time="0.004"/>
  <testcase classname="Test.testThree" name="carLoanApiLogin" time="0.002"/>
  <testcase classname="Test.testThree" name="carLoanMobileLogin" time="0.003"/>
  <testcase classname="Test.testThree" name="carLoanWebLogin" time="0.002"/>
</testsuite> <!-- Car Loan -->
