<?xml version="1.0" encoding="UTF-8"?>
<!-- Generated by org.testng.reporters.JUnitXMLReporter -->
<testsuite ignored="0" hostname="Shubham" failures="0" tests="9" name="Car Loan" time="0.143" errors="0" timestamp="2025-03-16T23:42:04 IST">
  <testcase classname="Test.testOne" name="test" time="0.009"/>
  <testcase classname="Test.testTwo" name="carLoan" time="0.005"/>
  <testcase classname="Test.testTwo" name="carLoan" time="0.002"/>
  <testcase classname="Test.testTwo" name="carLoan" time="0.001"/>
  <testcase classname="Test.testTwo" name="groupTest" time="0.005"/>
  <testcase classname="Test.testTwo" name="adependentTest" time="0.002"/>
  <testcase classname="Test.testThree" name="carLoanApiLogin" time="0.002"/>
  <testcase classname="Test.testThree" name="carLoanMobileLogin" time="0.003"/>
  <testcase classname="Test.testThree" name="carLoanWebLogin" time="0.002"/>
</testsuite> <!-- Car Loan -->
