<?xml version="1.0" encoding="UTF-8"?>
<!-- Generated by org.testng.reporters.JUnitXMLReporter -->
<testsuite ignored="0" hostname="Shubham" failures="0" tests="3" name="Home Loan" time="0.015" errors="0" timestamp="2025-03-16T23:42:04 IST">
  <testcase classname="Test.testFour" name="homeLoanApiLogin" time="0.002"/>
  <testcase classname="Test.testFour" name="homeLoanMobileLogin" time="0.002"/>
  <testcase classname="Test.testFour" name="homeLoanwebLogn" time="0.001"/>
</testsuite> <!-- Home Loan -->
