<?xml version="1.0" encoding="UTF-8"?>
<!-- Generated by org.testng.reporters.JUnitXMLReporter -->
<testsuite ignored="0" hostname="Shubham" failures="0" tests="5" name="Test" time="0.089" errors="0" timestamp="2025-03-15T13:10:33 IST">
  <testcase classname="Test.testOne" name="test" time="0.012"/>
  <testcase classname="Test.testTwo" name="carLoan" time="0.002"/>
  <testcase classname="Test.testThree" name="ApiLogin" time="0.002"/>
  <testcase classname="Test.testThree" name="MobileLogin" time="0.003"/>
  <testcase classname="Test.testThree" name="webLogn" time="0.002"/>
</testsuite> <!-- Test -->
