<?xml version="1.0" encoding="UTF-8"?>
<!-- Generated by org.testng.reporters.JUnitXMLReporter -->
<testsuite ignored="6" hostname="Shubham" failures="0" tests="3" name="Regression" time="0.153" errors="0" timestamp="2025-03-15T19:02:48 IST">
  <testcase classname="Test.testOne" name="test" time="0.023"/>
  <testcase classname="Test.testTwo" name="groupTest" time="0.003"/>
  <testcase classname="Test.testThree" name="carLoanApiLogin" time="0.003"/>
  <testcase classname="Test.testFour" name="homeLoanApiLogin" time="0.0">
    <ignored/>
  </testcase> <!-- homeLoanApiLogin -->
  <testcase classname="Test.testFour" name="homeLoanMobileLogin" time="0.0">
    <ignored/>
  </testcase> <!-- homeLoanMobileLogin -->
  <testcase classname="Test.testTwo" name="carLoan" time="0.0">
    <ignored/>
  </testcase> <!-- carLoan -->
  <testcase classname="Test.testThree" name="carLoanWebLogin" time="0.0">
    <ignored/>
  </testcase> <!-- carLoanWebLogin -->
  <testcase classname="Test.testThree" name="carLoanMobileLogin" time="0.0">
    <ignored/>
  </testcase> <!-- carLoanMobileLogin -->
  <testcase classname="Test.testFour" name="homeLoanwebLogn" time="0.0">
    <ignored/>
  </testcase> <!-- homeLoanwebLogn -->
</testsuite> <!-- Regression -->
