<?xml version="1.0" encoding="UTF-8"?>
<testng-results ignored="0" total="5" passed="3" failed="1" skipped="1">
  <reporter-output>
  </reporter-output>
  <suite started-at="2025-04-08T03:24:33 IST" name="Suite" finished-at="2025-04-08T03:25:09 IST" duration-ms="36380">
    <groups>
    </groups>
    <test started-at="2025-04-08T03:24:33 IST" name="Error Validation Test" finished-at="2025-04-08T03:24:43 IST" duration-ms="10396">
      <class name="mavenPractice.errorValidationTest">
        <test-method is-config="true" signature="launchApplication()[pri:0, instance:mavenPractice.errorValidationTest@64e7619d]" started-at="2025-04-08T03:24:33 IST" name="launchApplication" finished-at="2025-04-08T03:24:38 IST" duration-ms="4662" status="PASS">
          <reporter-output>
          </reporter-output>
        </test-method> <!-- launchApplication -->
        <test-method signature="correctCredential()[pri:0, instance:mavenPractice.errorValidationTest@64e7619d]" started-at="2025-04-08T03:24:38 IST" name="correctCredential" finished-at="2025-04-08T03:24:39 IST" duration-ms="1145" status="PASS">
          <reporter-output>
          </reporter-output>
        </test-method> <!-- correctCredential -->
        <test-method is-config="true" signature="tearDown()[pri:0, instance:mavenPractice.errorValidationTest@64e7619d]" started-at="2025-04-08T03:24:39 IST" name="tearDown" finished-at="2025-04-08T03:24:39 IST" duration-ms="500" status="PASS">
          <reporter-output>
          </reporter-output>
        </test-method> <!-- tearDown -->
        <test-method is-config="true" signature="launchApplication()[pri:0, instance:mavenPractice.errorValidationTest@64e7619d]" started-at="2025-04-08T03:24:39 IST" name="launchApplication" finished-at="2025-04-08T03:24:42 IST" duration-ms="3129" status="PASS">
          <reporter-output>
          </reporter-output>
        </test-method> <!-- launchApplication -->
        <test-method signature="errorValidation()[pri:0, instance:mavenPractice.errorValidationTest@64e7619d]" started-at="2025-04-08T03:24:42 IST" name="errorValidation" finished-at="2025-04-08T03:24:43 IST" duration-ms="534" status="PASS">
          <reporter-output>
          </reporter-output>
        </test-method> <!-- errorValidation -->
        <test-method is-config="true" signature="tearDown()[pri:0, instance:mavenPractice.errorValidationTest@64e7619d]" started-at="2025-04-08T03:24:43 IST" name="tearDown" finished-at="2025-04-08T03:24:43 IST" duration-ms="311" status="PASS">
          <reporter-output>
          </reporter-output>
        </test-method> <!-- tearDown -->
      </class> <!-- mavenPractice.errorValidationTest -->
    </test> <!-- Error Validation Test -->
    <test started-at="2025-04-08T03:24:33 IST" name="Submit order test" finished-at="2025-04-08T03:25:09 IST" duration-ms="36380">
      <class name="mavenPractice.ecommerceUITest">
        <test-method is-config="true" signature="launchApplication()[pri:0, instance:mavenPractice.ecommerceUITest@4a07d605]" started-at="2025-04-08T03:24:33 IST" name="launchApplication" finished-at="2025-04-08T03:24:38 IST" duration-ms="4915" status="PASS">
          <reporter-output>
          </reporter-output>
        </test-method> <!-- launchApplication -->
        <test-method signature="createOrder(java.lang.String,java.lang.String)[pri:0, instance:mavenPractice.ecommerceUITest@4a07d605]" started-at="2025-04-08T03:24:38 IST" name="createOrder" data-provider="getData" finished-at="2025-04-08T03:24:45 IST" duration-ms="7300" status="PASS">
          <params>
            <param index="0">
              <value>
                <![CDATA[version@gmail.com]]>
              </value>
            </param>
            <param index="1">
              <value>
                <![CDATA[Test@123]]>
              </value>
            </param>
          </params>
          <reporter-output>
          </reporter-output>
        </test-method> <!-- createOrder -->
        <test-method is-config="true" signature="tearDown()[pri:0, instance:mavenPractice.ecommerceUITest@4a07d605]" started-at="2025-04-08T03:24:45 IST" name="tearDown" finished-at="2025-04-08T03:24:46 IST" duration-ms="424" status="PASS">
          <reporter-output>
          </reporter-output>
        </test-method> <!-- tearDown -->
        <test-method is-config="true" signature="launchApplication()[pri:0, instance:mavenPractice.ecommerceUITest@4a07d605]" started-at="2025-04-08T03:24:46 IST" name="launchApplication" finished-at="2025-04-08T03:24:48 IST" duration-ms="2448" status="PASS">
          <reporter-output>
          </reporter-output>
        </test-method> <!-- launchApplication -->
        <test-method signature="createOrder(java.lang.String,java.lang.String)[pri:0, instance:mavenPractice.ecommerceUITest@4a07d605]" started-at="2025-04-08T03:24:48 IST" name="createOrder" data-provider="getData" finished-at="2025-04-08T03:25:08 IST" duration-ms="20362" status="FAIL">
          <params>
            <param index="0">
              <value>
                <![CDATA[shubham@test.com]]>
              </value>
            </param>
            <param index="1">
              <value>
                <![CDATA[123]]>
              </value>
            </param>
          </params>
          <exception class="org.openqa.selenium.TimeoutException">
            <message>
              <![CDATA[Expected condition failed: waiting for visibility of element located by By.xpath: //h5/b (tried for 10 second(s) with 500 milliseconds interval)
Build info: version: '4.27.0', revision: 'd6e718d134'
System info: os.name: 'Windows 11', os.arch: 'amd64', os.version: '10.0', java.version: '21.0.5'
Driver info: org.openqa.selenium.chrome.ChromeDriver
Capabilities {acceptInsecureCerts: false, browserName: chrome, browserVersion: 134.0.6998.178, chrome: {chromedriverVersion: 134.0.6998.165 (fd886e2cb29..., userDataDir: C:\Users\acer\AppData\Local...}, fedcm:accounts: true, goog:chromeOptions: {debuggerAddress: localhost:65076}, networkConnectionEnabled: false, pageLoadStrategy: normal, platformName: windows, proxy: Proxy(), se:cdp: ws://localhost:65076/devtoo..., se:cdpVersion: 134.0.6998.178, setWindowRect: true, strictFileInteractability: false, timeouts: {implicit: 0, pageLoad: 300000, script: 30000}, unhandledPromptBehavior: dismiss and notify, webauthn:extension:credBlob: true, webauthn:extension:largeBlob: true, webauthn:extension:minPinLength: true, webauthn:extension:prf: true, webauthn:virtualAuthenticators: true}
Session ID: 38d4fa28691569fd3e598edc5826f168]]>
            </message>
            <full-stacktrace>
              <![CDATA[org.openqa.selenium.TimeoutException: Expected condition failed: waiting for visibility of element located by By.xpath: //h5/b (tried for 10 second(s) with 500 milliseconds interval)
Build info: version: '4.27.0', revision: 'd6e718d134'
System info: os.name: 'Windows 11', os.arch: 'amd64', os.version: '10.0', java.version: '21.0.5'
Driver info: org.openqa.selenium.chrome.ChromeDriver
Capabilities {acceptInsecureCerts: false, browserName: chrome, browserVersion: 134.0.6998.178, chrome: {chromedriverVersion: 134.0.6998.165 (fd886e2cb29..., userDataDir: C:\Users\acer\AppData\Local...}, fedcm:accounts: true, goog:chromeOptions: {debuggerAddress: localhost:65076}, networkConnectionEnabled: false, pageLoadStrategy: normal, platformName: windows, proxy: Proxy(), se:cdp: ws://localhost:65076/devtoo..., se:cdpVersion: 134.0.6998.178, setWindowRect: true, strictFileInteractability: false, timeouts: {implicit: 0, pageLoad: 300000, script: 30000}, unhandledPromptBehavior: dismiss and notify, webauthn:extension:credBlob: true, webauthn:extension:largeBlob: true, webauthn:extension:minPinLength: true, webauthn:extension:prf: true, webauthn:virtualAuthenticators: true}
Session ID: 38d4fa28691569fd3e598edc5826f168
at org.openqa.selenium.support.ui.WebDriverWait.timeoutException(WebDriverWait.java:84)
at org.openqa.selenium.support.ui.FluentWait.until(FluentWait.java:228)
at mavenPractice.AbstractComponents.AbstractComponent.waitForElementToAppear(AbstractComponent.java:29)
at mavenPractice.pageobjects.ProductCatalogue.getProductList(ProductCatalogue.java:32)
at mavenPractice.ecommerceUITest.createOrder(ecommerceUITest.java:39)
at java.base/jdk.internal.reflect.DirectMethodHandleAccessor.invoke(DirectMethodHandleAccessor.java:103)
at java.base/java.lang.reflect.Method.invoke(Method.java:580)
at org.testng.internal.invokers.MethodInvocationHelper.invokeMethod(MethodInvocationHelper.java:141)
at org.testng.internal.invokers.TestInvoker.invokeMethod(TestInvoker.java:686)
at org.testng.internal.invokers.TestInvoker.invokeTestMethod(TestInvoker.java:230)
at org.testng.internal.invokers.MethodRunner.runInSequence(MethodRunner.java:63)
at org.testng.internal.invokers.TestInvoker$MethodInvocationAgent.invoke(TestInvoker.java:992)
at org.testng.internal.invokers.TestInvoker.invokeTestMethods(TestInvoker.java:203)
at org.testng.internal.invokers.TestMethodWorker.invokeTestMethods(TestMethodWorker.java:154)
at org.testng.internal.invokers.TestMethodWorker.run(TestMethodWorker.java:134)
at java.base/java.util.ArrayList.forEach(ArrayList.java:1596)
at org.testng.TestRunner.privateRun(TestRunner.java:739)
at org.testng.TestRunner.run(TestRunner.java:614)
at org.testng.SuiteRunner.runTest(SuiteRunner.java:421)
at org.testng.SuiteRunner$SuiteWorker.run(SuiteRunner.java:463)
at org.testng.internal.thread.ThreadUtil.lambda$execute$0(ThreadUtil.java:64)
at java.base/java.util.concurrent.FutureTask.run(FutureTask.java:317)
at java.base/java.util.concurrent.ThreadPoolExecutor.runWorker(ThreadPoolExecutor.java:1144)
at java.base/java.util.concurrent.ThreadPoolExecutor$Worker.run(ThreadPoolExecutor.java:642)
at java.base/java.lang.Thread.run(Thread.java:1583)
]]>
            </full-stacktrace>
          </exception> <!-- org.openqa.selenium.TimeoutException -->
          <reporter-output>
          </reporter-output>
        </test-method> <!-- createOrder -->
        <test-method is-config="true" signature="tearDown()[pri:0, instance:mavenPractice.ecommerceUITest@4a07d605]" started-at="2025-04-08T03:25:09 IST" name="tearDown" finished-at="2025-04-08T03:25:09 IST" duration-ms="442" status="PASS">
          <reporter-output>
          </reporter-output>
        </test-method> <!-- tearDown -->
        <test-method signature="dependencyCode()[pri:0, instance:mavenPractice.ecommerceUITest@4a07d605]" started-at="2025-04-08T03:25:09 IST" name="dependencyCode" finished-at="2025-04-08T03:25:09 IST" depends-on-methods="mavenPractice.ecommerceUITest.createOrder" duration-ms="0" status="SKIP">
          <exception class="java.lang.Throwable">
            <message>
              <![CDATA[Method mavenPractice.ecommerceUITest.dependencyCode() on instance mavenPractice.ecommerceUITest@4a07d605 depends on not successfully finished methods 
[mavenPractice.ecommerceUITest.createOrder() on instance mavenPractice.ecommerceUITest@4a07d605]]]>
            </message>
            <full-stacktrace>
              <![CDATA[java.lang.Throwable: Method mavenPractice.ecommerceUITest.dependencyCode() on instance mavenPractice.ecommerceUITest@4a07d605 depends on not successfully finished methods 
[mavenPractice.ecommerceUITest.createOrder() on instance mavenPractice.ecommerceUITest@4a07d605]
at org.testng.internal.invokers.TestInvoker.invokeTestMethods(TestInvoker.java:159)
at org.testng.internal.invokers.TestMethodWorker.invokeTestMethods(TestMethodWorker.java:154)
at org.testng.internal.invokers.TestMethodWorker.run(TestMethodWorker.java:134)
at java.base/java.util.ArrayList.forEach(ArrayList.java:1596)
at org.testng.TestRunner.privateRun(TestRunner.java:739)
at org.testng.TestRunner.run(TestRunner.java:614)
at org.testng.SuiteRunner.runTest(SuiteRunner.java:421)
at org.testng.SuiteRunner$SuiteWorker.run(SuiteRunner.java:463)
at org.testng.internal.thread.ThreadUtil.lambda$execute$0(ThreadUtil.java:64)
at java.base/java.util.concurrent.FutureTask.run(FutureTask.java:317)
at java.base/java.util.concurrent.ThreadPoolExecutor.runWorker(ThreadPoolExecutor.java:1144)
at java.base/java.util.concurrent.ThreadPoolExecutor$Worker.run(ThreadPoolExecutor.java:642)
at java.base/java.lang.Thread.run(Thread.java:1583)
]]>
            </full-stacktrace>
          </exception> <!-- java.lang.Throwable -->
          <reporter-output>
          </reporter-output>
        </test-method> <!-- dependencyCode -->
      </class> <!-- mavenPractice.ecommerceUITest -->
    </test> <!-- Submit order test -->
  </suite> <!-- Suite -->
</testng-results>
