<?xml version="1.0" encoding="UTF-8"?>
<!-- Generated by org.testng.reporters.JUnitXMLReporter -->
<testsuite ignored="5" hostname="Shubham" failures="0" tests="1" name="Default test" time="0.074" errors="0" timestamp="2025-03-10T18:20:28 IST">
  <testcase classname="streamPractice" name="uniqueNumber" time="0.019"/>
  <testcase classname="streamPractice" name="regular" time="0.0">
    <ignored/>
  </testcase> <!-- regular -->
  <testcase classname="streamPractice" name="mergeTwoArray" time="0.0">
    <ignored/>
  </testcase> <!-- mergeTwoArray -->
  <testcase classname="streamPractice" name="streamCollect" time="0.0">
    <ignored/>
  </testcase> <!-- streamCollect -->
  <testcase classname="streamPractice" name="streamFilter" time="0.0">
    <ignored/>
  </testcase> <!-- streamFilter -->
  <testcase classname="streamPractice" name="streamMap" time="0.0">
    <ignored/>
  </testcase> <!-- streamMap -->
</testsuite> <!-- Default test -->
