<?xml version="1.0" encoding="UTF-8"?>
<testng-results ignored="0" total="1" passed="1" failed="0" skipped="0">
  <reporter-output>
  </reporter-output>
  <suite started-at="2025-03-10T18:20:28 IST" name="Default suite" finished-at="2025-03-10T18:20:28 IST" duration-ms="74">
    <groups>
    </groups>
    <test started-at="2025-03-10T18:20:28 IST" name="Default test" finished-at="2025-03-10T18:20:28 IST" duration-ms="74">
      <class name="streamPractice">
        <test-method signature="uniqueNumber()[pri:0, instance:streamPractice@8f4ea7c]" started-at="2025-03-10T18:20:28 IST" name="uniqueNumber" finished-at="2025-03-10T18:20:28 IST" duration-ms="19" status="PASS">
          <reporter-output>
          </reporter-output>
        </test-method> <!-- uniqueNumber -->
      </class> <!-- streamPractice -->
    </test> <!-- Default test -->
  </suite> <!-- Default suite -->
</testng-results>
